This file contains any messages produced by compilers while
running configure, to aid debugging if configure makes a mistake.

It was created by Protocol Buffers configure 3.18.1, which was
generated by GNU Autoconf 2.69.  Invocation command line was

  $ ../configure --prefix=/home/oshevchenko/Android/protobuf-3.5.1/ --host=arm-linux-androideabi --with-sysroot=/home/oshevchenko/Android/arm-21-toolchain/sysroot --enable-shared --enable-cross-compile --with-protoc=protoc CFLAGS=-march=armv7-a -D__ANDROID_API__=21 CXXFLAGS=-frtti -fexceptions -march=armv7-a -I/home/oshevchenko/Android/Sdk/ndk/21.2.6472646/sources/android/support/include -I/home/oshevchenko/Android/Sdk/ndk/21.2.6472646/sources/cxx-stl/gnu-libstdc++/4.9/include -I/home/oshevchenko/Android/Sdk/ndk/21.2.6472646/sources/cxx-stl/gnu-libstdc++/4.9/libs/armeabi-v7a/include -D__ANDROID_API__=21 LDFLAGS=-L/home/oshevchenko/Android/Sdk/ndk/21.2.6472646/sources/cxx-stl/gnu-libstdc++/4.9/libs/armeabi-v7a LIBS=-llog -lz -lgnustl_static

## --------- ##
## Platform. ##
## --------- ##

hostname = ovshevchenko1-lws
uname -m = x86_64
uname -r = 5.4.0-88-generic
uname -s = Linux
uname -v = #99-Ubuntu SMP Thu Sep 23 17:29:00 UTC 2021

/usr/bin/uname -p = unknown
/bin/uname -X     = unknown

/bin/arch              = unknown
/usr/bin/arch -k       = unknown
/usr/convex/getsysinfo = unknown
/usr/bin/hostinfo      = unknown
/bin/machine           = unknown
/usr/bin/oslevel       = unknown
/bin/universe          = unknown

PATH: /home/oshevchenko/Android/arm-21-toolchain/bin
PATH: /home/oshevchenko/.local/bin
PATH: /usr/local/sbin
PATH: /usr/local/bin
PATH: /usr/sbin
PATH: /usr/bin
PATH: /sbin
PATH: /bin
PATH: /usr/games
PATH: /usr/local/games
PATH: /snap/bin
PATH: /home/oshevchenko/bin
PATH: /home/oshevchenko/Downloads/openjdk-16.0.2_linux-x64_bin/jdk-16.0.2/openjdk/jdk-16.0.2/bin


## ----------- ##
## Core tests. ##
## ----------- ##

configure:2618: checking whether to enable maintainer-specific portions of Makefiles
configure:2627: result: yes
configure:2702: checking build system type
configure:2716: result: x86_64-pc-linux-gnu
configure:2736: checking host system type
configure:2749: result: arm-unknown-linux-androideabi
configure:2769: checking target system type
configure:2782: result: arm-unknown-linux-androideabi
configure:2825: checking for a BSD-compatible install
configure:2893: result: /usr/bin/install -c
configure:2904: checking whether build environment is sane
configure:2959: result: yes
configure:3016: checking for arm-linux-androideabi-strip
configure:3046: result: no
configure:3056: checking for strip
configure:3072: found /usr/bin/strip
configure:3083: result: strip
configure:3108: checking for a thread-safe mkdir -p
configure:3147: result: /bin/mkdir -p
configure:3154: checking for gawk
configure:3184: result: no
configure:3154: checking for mawk
configure:3170: found /usr/bin/mawk
configure:3181: result: mawk
configure:3192: checking whether make sets $(MAKE)
configure:3214: result: yes
configure:3243: checking whether make supports nested variables
configure:3260: result: yes
configure:3349: checking whether UID '394309652' is supported by ustar format
configure:3355: result: no
configure:3359: checking whether GID '394309652' is supported by ustar format
configure:3365: result: no
configure:3370: checking how to create a ustar tar archive
configure:3424: tardir=conftest.dir && eval false >conftest.tar
configure:3427: $? = 1
configure:3452: result: none
configure:3517: checking whether make supports nested variables
configure:3534: result: yes
configure:3587: checking for arm-linux-androideabi-gcc
configure:3614: result: arm-linux-androideabi-gcc --sysroot /home/oshevchenko/Android/arm-21-toolchain/sysroot
configure:3883: checking for C compiler version
configure:3892: arm-linux-androideabi-gcc --sysroot /home/oshevchenko/Android/arm-21-toolchain/sysroot --version >&5
../configure: line 3894: arm-linux-androideabi-gcc: command not found
configure:3903: $? = 127
configure:3892: arm-linux-androideabi-gcc --sysroot /home/oshevchenko/Android/arm-21-toolchain/sysroot -v >&5
../configure: line 3894: arm-linux-androideabi-gcc: command not found
configure:3903: $? = 127
configure:3892: arm-linux-androideabi-gcc --sysroot /home/oshevchenko/Android/arm-21-toolchain/sysroot -V >&5
../configure: line 3894: arm-linux-androideabi-gcc: command not found
configure:3903: $? = 127
configure:3892: arm-linux-androideabi-gcc --sysroot /home/oshevchenko/Android/arm-21-toolchain/sysroot -qversion >&5
../configure: line 3894: arm-linux-androideabi-gcc: command not found
configure:3903: $? = 127
configure:3923: checking whether the C compiler works
configure:3945: arm-linux-androideabi-gcc --sysroot /home/oshevchenko/Android/arm-21-toolchain/sysroot -march=armv7-a -D__ANDROID_API__=21  -L/home/oshevchenko/Android/Sdk/ndk/21.2.6472646/sources/cxx-stl/gnu-libstdc++/4.9/libs/armeabi-v7a conftest.c -llog -lz -lgnustl_static >&5
../configure: line 3947: arm-linux-androideabi-gcc: command not found
configure:3949: $? = 127
configure:3987: result: no
configure: failed program was:
| /* confdefs.h */
| #define PACKAGE_NAME "Protocol Buffers"
| #define PACKAGE_TARNAME "protobuf"
| #define PACKAGE_VERSION "3.18.1"
| #define PACKAGE_STRING "Protocol Buffers 3.18.1"
| #define PACKAGE_BUGREPORT "protobuf@googlegroups.com"
| #define PACKAGE_URL ""
| #define PACKAGE "protobuf"
| #define VERSION "3.18.1"
| /* end confdefs.h.  */
| 
| int
| main ()
| {
| 
|   ;
|   return 0;
| }
configure:3992: error: in `/home/oshevchenko/protobuf-3.18.1/build':
configure:3994: error: C compiler cannot create executables
See `config.log' for more details

## ---------------- ##
## Cache variables. ##
## ---------------- ##

ac_cv_build=x86_64-pc-linux-gnu
ac_cv_env_CCC_set=
ac_cv_env_CCC_value=
ac_cv_env_CC_set=set
ac_cv_env_CC_value='arm-linux-androideabi-gcc --sysroot /home/oshevchenko/Android/arm-21-toolchain/sysroot'
ac_cv_env_CFLAGS_set=set
ac_cv_env_CFLAGS_value='-march=armv7-a -D__ANDROID_API__=21'
ac_cv_env_CPPFLAGS_set=
ac_cv_env_CPPFLAGS_value=
ac_cv_env_CPP_set=
ac_cv_env_CPP_value=
ac_cv_env_CXXCPP_set=
ac_cv_env_CXXCPP_value=
ac_cv_env_CXXFLAGS_set=set
ac_cv_env_CXXFLAGS_value='-frtti -fexceptions -march=armv7-a -I/home/oshevchenko/Android/Sdk/ndk/21.2.6472646/sources/android/support/include -I/home/oshevchenko/Android/Sdk/ndk/21.2.6472646/sources/cxx-stl/gnu-libstdc++/4.9/include -I/home/oshevchenko/Android/Sdk/ndk/21.2.6472646/sources/cxx-stl/gnu-libstdc++/4.9/libs/armeabi-v7a/include -D__ANDROID_API__=21'
ac_cv_env_CXX_set=set
ac_cv_env_CXX_value='arm-linux-androideabi-g++ --sysroot /home/oshevchenko/Android/arm-21-toolchain/sysroot'
ac_cv_env_DIST_LANG_set=
ac_cv_env_DIST_LANG_value=
ac_cv_env_LDFLAGS_set=set
ac_cv_env_LDFLAGS_value=-L/home/oshevchenko/Android/Sdk/ndk/21.2.6472646/sources/cxx-stl/gnu-libstdc++/4.9/libs/armeabi-v7a
ac_cv_env_LIBS_set=set
ac_cv_env_LIBS_value='-llog -lz -lgnustl_static'
ac_cv_env_LT_SYS_LIBRARY_PATH_set=
ac_cv_env_LT_SYS_LIBRARY_PATH_value=
ac_cv_env_OBJCFLAGS_set=
ac_cv_env_OBJCFLAGS_value=
ac_cv_env_OBJC_set=
ac_cv_env_OBJC_value=
ac_cv_env_build_alias_set=
ac_cv_env_build_alias_value=
ac_cv_env_host_alias_set=set
ac_cv_env_host_alias_value=arm-linux-androideabi
ac_cv_env_target_alias_set=
ac_cv_env_target_alias_value=
ac_cv_host=arm-unknown-linux-androideabi
ac_cv_path_install='/usr/bin/install -c'
ac_cv_path_mkdir=/bin/mkdir
ac_cv_prog_AWK=mawk
ac_cv_prog_CC='arm-linux-androideabi-gcc --sysroot /home/oshevchenko/Android/arm-21-toolchain/sysroot'
ac_cv_prog_ac_ct_STRIP=strip
ac_cv_prog_make_make_set=yes
ac_cv_target=arm-unknown-linux-androideabi
am_cv_make_support_nested_variables=yes
am_cv_prog_tar_ustar=none

## ----------------- ##
## Output variables. ##
## ----------------- ##

ACLOCAL='${SHELL} /home/oshevchenko/protobuf-3.18.1/missing aclocal-1.16'
AMDEPBACKSLASH=''
AMDEP_FALSE=''
AMDEP_TRUE=''
AMTAR='$${TAR-tar}'
AM_BACKSLASH='\'
AM_DEFAULT_V='$(AM_DEFAULT_VERBOSITY)'
AM_DEFAULT_VERBOSITY='0'
AM_V='$(V)'
AR=''
AUTOCONF='${SHELL} /home/oshevchenko/protobuf-3.18.1/missing autoconf'
AUTOHEADER='${SHELL} /home/oshevchenko/protobuf-3.18.1/missing autoheader'
AUTOMAKE='${SHELL} /home/oshevchenko/protobuf-3.18.1/missing automake-1.16'
AWK='mawk'
BUILD_EXEEXT=''
BUILD_OBJEXT=''
CC='arm-linux-androideabi-gcc --sysroot /home/oshevchenko/Android/arm-21-toolchain/sysroot'
CCDEPMODE=''
CC_FOR_BUILD=''
CFLAGS='-march=armv7-a -D__ANDROID_API__=21'
CFLAGS_FOR_BUILD=''
CPP=''
CPPFLAGS=''
CPPFLAGS_FOR_BUILD=''
CPP_FOR_BUILD=''
CXX='arm-linux-androideabi-g++ --sysroot /home/oshevchenko/Android/arm-21-toolchain/sysroot'
CXXCPP=''
CXXCPPFLAGS_FOR_BUILD=''
CXXCPP_FOR_BUILD=''
CXXDEPMODE=''
CXXFLAGS='-frtti -fexceptions -march=armv7-a -I/home/oshevchenko/Android/Sdk/ndk/21.2.6472646/sources/android/support/include -I/home/oshevchenko/Android/Sdk/ndk/21.2.6472646/sources/cxx-stl/gnu-libstdc++/4.9/include -I/home/oshevchenko/Android/Sdk/ndk/21.2.6472646/sources/cxx-stl/gnu-libstdc++/4.9/libs/armeabi-v7a/include -D__ANDROID_API__=21'
CXXFLAGS_FOR_BUILD=''
CXX_FOR_BUILD=''
CYGPATH_W='echo'
DEFS=''
DEPDIR=''
DIST_LANG='all'
DLLTOOL=''
DSYMUTIL=''
DUMPBIN=''
ECHO_C=''
ECHO_N='-n'
ECHO_T=''
EGREP=''
EXEEXT=''
FGREP=''
GCC_FALSE=''
GCC_TRUE=''
GREP=''
HAVE_CXX11=''
HAVE_LD_VERSION_SCRIPT_FALSE=''
HAVE_LD_VERSION_SCRIPT_TRUE=''
HAVE_PTHREAD_FALSE=''
HAVE_PTHREAD_TRUE=''
HAVE_ZLIB_FALSE=''
HAVE_ZLIB_TRUE=''
INSTALL_DATA='${INSTALL} -m 644'
INSTALL_PROGRAM='${INSTALL}'
INSTALL_SCRIPT='${INSTALL}'
INSTALL_STRIP_PROGRAM='$(install_sh) -c -s'
ISAINFO=''
LD=''
LDFLAGS='-L/home/oshevchenko/Android/Sdk/ndk/21.2.6472646/sources/cxx-stl/gnu-libstdc++/4.9/libs/armeabi-v7a'
LDFLAGS_FOR_BUILD=''
LIBATOMIC_LIBS=''
LIBLOG_LIBS=''
LIBOBJS=''
LIBS='-llog -lz -lgnustl_static'
LIBTOOL=''
LIPO=''
LN_S=''
LTLIBOBJS=''
LT_SYS_LIBRARY_PATH=''
MAINT=''
MAINTAINER_MODE_FALSE='#'
MAINTAINER_MODE_TRUE=''
MAKEINFO='${SHELL} /home/oshevchenko/protobuf-3.18.1/missing makeinfo'
MANIFEST_TOOL=''
MKDIR_P='/bin/mkdir -p'
NM=''
NMEDIT=''
OBJC=''
OBJCDEPMODE=''
OBJCFLAGS=''
OBJC_CONFORMANCE_TEST_FALSE=''
OBJC_CONFORMANCE_TEST_TRUE=''
OBJDUMP=''
OBJEXT=''
OTOOL64=''
OTOOL=''
PACKAGE='protobuf'
PACKAGE_BUGREPORT='protobuf@googlegroups.com'
PACKAGE_NAME='Protocol Buffers'
PACKAGE_STRING='Protocol Buffers 3.18.1'
PACKAGE_TARNAME='protobuf'
PACKAGE_URL=''
PACKAGE_VERSION='3.18.1'
PATH_SEPARATOR=':'
POW_LIB=''
PROTOBUF_OPT_FLAG=''
PROTOC=''
PTHREAD_CC=''
PTHREAD_CFLAGS=''
PTHREAD_LIBS=''
RANLIB=''
SED=''
SET_MAKE=''
SHELL='/bin/bash'
STRIP='strip'
USE_EXTERNAL_PROTOC_FALSE=''
USE_EXTERNAL_PROTOC_TRUE=''
VERSION='3.18.1'
ac_ct_AR=''
ac_ct_CC=''
ac_ct_CC_FOR_BUILD=''
ac_ct_CXX=''
ac_ct_CXX_FOR_BUILD=''
ac_ct_DUMPBIN=''
ac_ct_OBJC=''
am__EXEEXT_FALSE=''
am__EXEEXT_TRUE=''
am__fastdepCC_FALSE=''
am__fastdepCC_TRUE=''
am__fastdepCXX_FALSE=''
am__fastdepCXX_TRUE=''
am__fastdepOBJC_FALSE=''
am__fastdepOBJC_TRUE=''
am__include=''
am__isrc=' -I$(srcdir)'
am__leading_dot='.'
am__nodep=''
am__quote=''
am__tar='false'
am__untar='false'
ax_pthread_config=''
bindir='${exec_prefix}/bin'
build='x86_64-pc-linux-gnu'
build_alias=''
build_cpu='x86_64'
build_os='linux-gnu'
build_vendor='pc'
datadir='${datarootdir}'
datarootdir='${prefix}/share'
docdir='${datarootdir}/doc/${PACKAGE_TARNAME}'
dvidir='${docdir}'
exec_prefix='NONE'
host='arm-unknown-linux-androideabi'
host_alias='arm-linux-androideabi'
host_cpu='arm'
host_os='linux-androideabi'
host_vendor='unknown'
htmldir='${docdir}'
includedir='${prefix}/include'
infodir='${datarootdir}/info'
install_sh='${SHELL} /home/oshevchenko/protobuf-3.18.1/install-sh'
libdir='${exec_prefix}/lib'
libexecdir='${exec_prefix}/libexec'
localedir='${datarootdir}/locale'
localstatedir='${prefix}/var'
mandir='${datarootdir}/man'
mkdir_p='$(MKDIR_P)'
oldincludedir='/usr/include'
pdfdir='${docdir}'
prefix='/home/oshevchenko/Android/protobuf-3.5.1'
program_transform_name='s,x,x,'
psdir='${docdir}'
runstatedir='${localstatedir}/run'
sbindir='${exec_prefix}/sbin'
sharedstatedir='${prefix}/com'
subdirs=''
sysconfdir='${prefix}/etc'
target='arm-unknown-linux-androideabi'
target_alias=''
target_cpu='arm'
target_os='linux-androideabi'
target_vendor='unknown'

## ----------- ##
## confdefs.h. ##
## ----------- ##

/* confdefs.h */
#define PACKAGE_NAME "Protocol Buffers"
#define PACKAGE_TARNAME "protobuf"
#define PACKAGE_VERSION "3.18.1"
#define PACKAGE_STRING "Protocol Buffers 3.18.1"
#define PACKAGE_BUGREPORT "protobuf@googlegroups.com"
#define PACKAGE_URL ""
#define PACKAGE "protobuf"
#define VERSION "3.18.1"

configure: exit 77
